#
# A fatal error has been detected by the Java Runtime Environment:
#
#  EXCEPTION_ACCESS_VIOLATION (0xc0000005) at pc=0x00007ffd1fa0d6de, pid=16620, tid=0x0000000000001b5c
#
# JRE version: Java(TM) SE Runtime Environment (8.0_181-b13) (build 1.8.0_181-b13)
# Java VM: Java HotSpot(TM) 64-Bit Server VM (25.181-b13 mixed mode windows-amd64 compressed oops)
# Problematic frame:
# C  [nvoglv64.dll+0xf9d6de]
#
# Failed to write core dump. Minidumps are not enabled by default on client versions of Windows
#
# If you would like to submit a bug report, please visit:
#   http://bugreport.java.com/bugreport/crash.jsp
# The crash happened outside the Java Virtual Machine in native code.
# See problematic frame for where to report the bug.
#

---------------  T H R E A D  ---------------

Current thread (0x0000000002ac5800):  JavaThread "main" [_thread_in_native, id=7004, stack(0x00000000029c0000,0x0000000002ac0000)]

siginfo: ExceptionCode=0xc0000005, reading address 0x0000000029a4d000

Registers:
RAX=0x0000000021cb17fc, RBX=0x0000000021cb17fc, RCX=0x0000000000001ba0, RDX=0x0000000007d8f5c4
RSP=0x0000000002abeff8, RBP=0x0000000029a40dc0, RSI=0x0000000029a4d000, RDI=0x0000000021cbda3c
R8 =0x000000000000dde0, R9 =0x0000000000000008, R10=0x0000000029a40dc0, R11=0x0000000021cb17fc
R12=0x0000000000001908, R13=0x0000000000000000, R14=0x00000000000000c8, R15=0x0000000000001401
RIP=0x00007ffd1fa0d6de, EFLAGS=0x0000000000010207

Top of Stack: (sp=0x0000000002abeff8)
0x0000000002abeff8:   000000000000dde0 0000000021706080
0x0000000002abf008:   00007ffd1f14cf80 0000000000000047
0x0000000002abf018:   0000000000000000 0000000002bc835d
0x0000000002abf028:   000000076aff41b0 0000000000001908
0x0000000002abf038:   0000000000001401 0000000029a40dc0
0x0000000002abf048:   000000001bec5bc9 000000000000dde0
0x0000000002abf058:   000000001befeff8 0000000002ac5800
0x0000000002abf068:   0000000002abf278 00000000297731f0
0x0000000002abf078:   0000000000000000 0000000000008058
0x0000000002abf088:   0000000000000000 0000000000000de1
0x0000000002abf098:   00007ffd4cd202f4 0000000000000de1
0x0000000002abf0a8:   0000000000000000 0000000000008058
0x0000000002abf0b8:   00000000000000c8 0000000000000047
0x0000000002abf0c8:   0000000000000000 0000000000001908
0x0000000002abf0d8:   0000000000001401 0000000029a40dc0
0x0000000002abf0e8:   0000000002abf140 0000000002bc835d 

Instructions: (pc=0x00007ffd1fa0d6de)
0x00007ffd1fa0d6be:   cc cc cc cc cc cc cc cc 66 66 0f 1f 84 00 00 00
0x00007ffd1fa0d6ce:   00 00 57 56 49 8b c3 48 8b f9 49 8b c8 49 8b f2
0x00007ffd1fa0d6de:   f3 a4 5e 5f c3 cc cc cc cc cc cc 0f 1f 80 00 00
0x00007ffd1fa0d6ee:   00 00 4c 8b d9 4c 8b d2 49 83 f8 10 76 64 49 83 


Register to memory mapping:

RAX=0x0000000021cb17fc is an unknown value
RBX=0x0000000021cb17fc is an unknown value
RCX=0x0000000000001ba0 is an unknown value
RDX=0x0000000007d8f5c4 is an unknown value
RSP=0x0000000002abeff8 is pointing into the stack for thread: 0x0000000002ac5800
RBP=0x0000000029a40dc0 is an unknown value
RSI=0x0000000029a4d000 is an unknown value
RDI=0x0000000021cbda3c is an unknown value
R8 =0x000000000000dde0 is an unknown value
R9 =0x0000000000000008 is an unknown value
R10=0x0000000029a40dc0 is an unknown value
R11=0x0000000021cb17fc is an unknown value
R12=0x0000000000001908 is an unknown value
R13=0x0000000000000000 is an unknown value
R14=0x00000000000000c8 is an unknown value
R15=0x0000000000001401 is an unknown value


Stack: [0x00000000029c0000,0x0000000002ac0000],  sp=0x0000000002abeff8,  free space=1019k
Native frames: (J=compiled Java code, j=interpreted, Vv=VM code, C=native code)
C  [nvoglv64.dll+0xf9d6de]
C  [nvoglv64.dll+0x6dcf80]
C  [opengl32.dll+0x302f4]
C  [lwjgl_opengl.dll+0xcab5]
C  0x0000000002bd8c67

Java frames: (J=compiled Java code, j=interpreted, Vv=VM code)
j  org.lwjgl.opengl.GL11C.nglTexImage2D(IIIIIIIIJ)V+0
j  org.lwjgl.opengl.GL11C.glTexImage2D(IIIIIIIILjava/nio/ByteBuffer;)V+17
j  org.lwjgl.opengl.GL11.glTexImage2D(IIIIIIIILjava/nio/ByteBuffer;)V+14
j  br.fritzen.engine.platform.opengl.OpenGLTexture2D.loadTexture(Ljava/lang/String;)V+299
j  br.fritzen.engine.platform.opengl.OpenGLTexture2D.<init>(Ljava/lang/String;)V+18
j  br.fritzen.engine.renderer.Texture2D.create(Ljava/lang/String;)Lbr/fritzen/engine/renderer/Texture2D;+49
j  br.fritzen.sandbox2d.Helicopter.<init>()V+84
j  br.fritzen.sandbox2d.MainLayer.<init>()V+11
j  br.fritzen.sandbox2d.App2D.main([Ljava/lang/String;)V+17
v  ~StubRoutines::call_stub

---------------  P R O C E S S  ---------------

Java Threads: ( => current thread )
  0x000000001e62e000 JavaThread "Service Thread" daemon [_thread_blocked, id=20068, stack(0x000000001f170000,0x000000001f270000)]
  0x000000001e59e000 JavaThread "C1 CompilerThread3" daemon [_thread_blocked, id=9616, stack(0x000000001f070000,0x000000001f170000)]
  0x000000001e59d800 JavaThread "C2 CompilerThread2" daemon [_thread_blocked, id=30096, stack(0x000000001ef70000,0x000000001f070000)]
  0x000000001e593000 JavaThread "C2 CompilerThread1" daemon [_thread_blocked, id=30128, stack(0x000000001ee70000,0x000000001ef70000)]
  0x000000001e58f800 JavaThread "C2 CompilerThread0" daemon [_thread_blocked, id=19940, stack(0x000000001ed70000,0x000000001ee70000)]
  0x000000001e58d800 JavaThread "Attach Listener" daemon [_thread_blocked, id=29680, stack(0x000000001ec70000,0x000000001ed70000)]
  0x000000001c67e800 JavaThread "Signal Dispatcher" daemon [_thread_blocked, id=14020, stack(0x000000001eb70000,0x000000001ec70000)]
  0x000000001e580800 JavaThread "Finalizer" daemon [_thread_blocked, id=24092, stack(0x000000001e960000,0x000000001ea60000)]
  0x0000000002bbb000 JavaThread "Reference Handler" daemon [_thread_blocked, id=17792, stack(0x000000001e460000,0x000000001e560000)]
=>0x0000000002ac5800 JavaThread "main" [_thread_in_native, id=7004, stack(0x00000000029c0000,0x0000000002ac0000)]

Other Threads:
  0x000000001c669800 VMThread [stack: 0x000000001e360000,0x000000001e460000] [id=21140]
  0x000000001e63f800 WatcherThread [stack: 0x000000001f270000,0x000000001f370000] [id=24012]

VM state:not at safepoint (normal execution)

VM Mutex/Monitor currently owned by a thread: None

Heap:
 PSYoungGen      total 76288K, used 22283K [0x000000076af00000, 0x0000000770400000, 0x00000007c0000000)
  eden space 65536K, 34% used [0x000000076af00000,0x000000076c4c2fd0,0x000000076ef00000)
  from space 10752K, 0% used [0x000000076f980000,0x000000076f980000,0x0000000770400000)
  to   space 10752K, 0% used [0x000000076ef00000,0x000000076ef00000,0x000000076f980000)
 ParOldGen       total 175104K, used 0K [0x00000006c0c00000, 0x00000006cb700000, 0x000000076af00000)
  object space 175104K, 0% used [0x00000006c0c00000,0x00000006c0c00000,0x00000006cb700000)
 Metaspace       used 10948K, capacity 11215K, committed 11392K, reserved 1058816K
  class space    used 929K, capacity 1025K, committed 1152K, reserved 1048576K

Card table byte_map: [0x0000000011f80000,0x0000000012780000] byte_map_base: 0x000000000e97a000

Marking Bits: (ParMarkBitMap*) 0x00000000725d2d00
 Begin Bits: [0x00000000134e0000, 0x00000000174b0000)
 End Bits:   [0x00000000174b0000, 0x000000001b480000)

Polling page: 0x0000000001110000

CodeCache: size=245760Kb used=3310Kb max_used=3310Kb free=242449Kb
 bounds [0x0000000002bc0000, 0x0000000002f00000, 0x0000000011bc0000]
 total_blobs=1753 nmethods=788 adapters=878
 compilation: enabled

Compilation events (10 events):
Event: 1.313 Thread 0x000000001e59e000  784       3       sun.nio.ch.Util::getTemporaryDirectBuffer (55 bytes)
Event: 1.313 Thread 0x000000001e59e000 nmethod 784 0x0000000002efa650 code [0x0000000002efa880, 0x0000000002efb2a8]
Event: 1.313 Thread 0x000000001e59e000  785       3       java.util.regex.Matcher::start (22 bytes)
Event: 1.313 Thread 0x000000001e59e000 nmethod 785 0x0000000002efb690 code [0x0000000002efb800, 0x0000000002efba68]
Event: 1.313 Thread 0x000000001e59e000  786       1       java.util.Formatter$FormatSpecifier::index (5 bytes)
Event: 1.313 Thread 0x000000001e59e000 nmethod 786 0x0000000002efbb50 code [0x0000000002efbca0, 0x0000000002efbdb0]
Event: 1.314 Thread 0x000000001e59e000  787       3       java.lang.CharacterDataLatin1::digit (91 bytes)
Event: 1.314 Thread 0x000000001e59e000 nmethod 787 0x0000000002efbe10 code [0x0000000002efbf80, 0x0000000002efc310]
Event: 1.317 Thread 0x000000001e59e000  788       1       java.util.Formatter::access$300 (5 bytes)
Event: 1.317 Thread 0x000000001e59e000 nmethod 788 0x0000000002efc490 code [0x0000000002efc5e0, 0x0000000002efc6d0]

GC Heap History (0 events):
No events

Deoptimization events (0 events):
No events

Classes redefined (0 events):
No events

Internal exceptions (10 events):
Event: 0.161 Thread 0x0000000002ac5800 Exception <a 'java/security/PrivilegedActionException'> (0x000000076b00b2d8) thrown at [C:\re\workspace\8-2-build-windows-amd64-cygwin\jdk8u181\11358\hotspot\src\share\vm\prims\jvm.cpp, line 1435]
Event: 0.161 Thread 0x0000000002ac5800 Exception <a 'java/security/PrivilegedActionException'> (0x000000076b00f130) thrown at [C:\re\workspace\8-2-build-windows-amd64-cygwin\jdk8u181\11358\hotspot\src\share\vm\prims\jvm.cpp, line 1435]
Event: 0.161 Thread 0x0000000002ac5800 Exception <a 'java/security/PrivilegedActionException'> (0x000000076b00f528) thrown at [C:\re\workspace\8-2-build-windows-amd64-cygwin\jdk8u181\11358\hotspot\src\share\vm\prims\jvm.cpp, line 1435]
Event: 0.222 Thread 0x0000000002ac5800 Exception <a 'java/lang/NoSuchMethodError': java.lang.Object.lambda$static$0(Ljava/lang/String;)Ljava/lang/Boolean;> (0x000000076b2ee6a0) thrown at [C:\re\workspace\8-2-build-windows-amd64-cygwin\jdk8u181\11358\hotspot\src\share\vm\interpreter\linkResolve
Event: 0.231 Thread 0x0000000002ac5800 Exception <a 'java/lang/NoSuchFieldError': method resolution failed> (0x000000076b366438) thrown at [C:\re\workspace\8-2-build-windows-amd64-cygwin\jdk8u181\11358\hotspot\src\share\vm\prims\methodHandles.cpp, line 1167]
Event: 0.232 Thread 0x0000000002ac5800 Exception <a 'java/lang/NoSuchFieldError': method resolution failed> (0x000000076b373838) thrown at [C:\re\workspace\8-2-build-windows-amd64-cygwin\jdk8u181\11358\hotspot\src\share\vm\prims\methodHandles.cpp, line 1167]
Event: 0.477 Thread 0x0000000002ac5800 Exception <a 'sun/nio/fs/WindowsException'> (0x000000076b79bb78) thrown at [C:\re\workspace\8-2-build-windows-amd64-cygwin\jdk8u181\11358\hotspot\src\share\vm\prims\jni.cpp, line 709]
Event: 0.477 Thread 0x0000000002ac5800 Exception <a 'sun/nio/fs/WindowsException'> (0x000000076b79c360) thrown at [C:\re\workspace\8-2-build-windows-amd64-cygwin\jdk8u181\11358\hotspot\src\share\vm\prims\jni.cpp, line 709]
Event: 0.953 Thread 0x0000000002ac5800 Exception <a 'sun/nio/fs/WindowsException'> (0x000000076b841658) thrown at [C:\re\workspace\8-2-build-windows-amd64-cygwin\jdk8u181\11358\hotspot\src\share\vm\prims\jni.cpp, line 709]
Event: 0.953 Thread 0x0000000002ac5800 Exception <a 'sun/nio/fs/WindowsException'> (0x000000076b841c50) thrown at [C:\re\workspace\8-2-build-windows-amd64-cygwin\jdk8u181\11358\hotspot\src\share\vm\prims\jni.cpp, line 709]

Events (10 events):
Event: 1.302 loading class br/fritzen/engine/components/Camera
Event: 1.302 loading class br/fritzen/engine/components/Camera done
Event: 1.303 loading class br/fritzen/engine/components/OrthographicCamera
Event: 1.303 loading class br/fritzen/engine/components/OrthographicCamera done
Event: 1.303 loading class br/fritzen/sandbox2d/Helicopter
Event: 1.303 loading class br/fritzen/sandbox2d/Helicopter done
Event: 1.304 loading class org/lwjgl/stb/STBImage
Event: 1.304 loading class org/lwjgl/stb/STBImage done
Event: 1.306 loading class org/lwjgl/stb/LibSTB
Event: 1.306 loading class org/lwjgl/stb/LibSTB done


Dynamic libraries:
0x00007ff63d000000 - 0x00007ff63d037000 	C:\Program Files\Java\jre1.8.0_181\bin\javaw.exe
0x00007ffd8e220000 - 0x00007ffd8e410000 	C:\WINDOWS\SYSTEM32\ntdll.dll
0x00007ffd6a3f0000 - 0x00007ffd6a404000 	C:\Program Files\AVAST Software\Avast\aswhook.dll
0x00007ffd8d040000 - 0x00007ffd8d0f2000 	C:\WINDOWS\System32\KERNEL32.DLL
0x00007ffd8b520000 - 0x00007ffd8b7c3000 	C:\WINDOWS\System32\KERNELBASE.dll
0x00007ffd8cf90000 - 0x00007ffd8d033000 	C:\WINDOWS\System32\ADVAPI32.dll
0x00007ffd8d4d0000 - 0x00007ffd8d56e000 	C:\WINDOWS\System32\msvcrt.dll
0x00007ffd8c590000 - 0x00007ffd8c627000 	C:\WINDOWS\System32\sechost.dll
0x00007ffd8c2e0000 - 0x00007ffd8c400000 	C:\WINDOWS\System32\RPCRT4.dll
0x00007ffd8dac0000 - 0x00007ffd8dc54000 	C:\WINDOWS\System32\USER32.dll
0x00007ffd8b8d0000 - 0x00007ffd8b8f1000 	C:\WINDOWS\System32\win32u.dll
0x00007ffd8c400000 - 0x00007ffd8c426000 	C:\WINDOWS\System32\GDI32.dll
0x00007ffd8b930000 - 0x00007ffd8bac4000 	C:\WINDOWS\System32\gdi32full.dll
0x00007ffd8b480000 - 0x00007ffd8b51e000 	C:\WINDOWS\System32\msvcp_win.dll
0x00007ffd8b380000 - 0x00007ffd8b47a000 	C:\WINDOWS\System32\ucrtbase.dll
0x00007ffd74a00000 - 0x00007ffd74c85000 	C:\WINDOWS\WinSxS\amd64_microsoft.windows.common-controls_6595b64144ccf1df_6.0.18362.535_none_e6c3b34713100821\COMCTL32.dll
0x00007ffd8dc60000 - 0x00007ffd8df96000 	C:\WINDOWS\System32\combase.dll
0x00007ffd8c250000 - 0x00007ffd8c2d0000 	C:\WINDOWS\System32\bcryptPrimitives.dll
0x00007ffd8d4a0000 - 0x00007ffd8d4ce000 	C:\WINDOWS\System32\IMM32.DLL
0x00000000729a0000 - 0x0000000072a72000 	C:\Program Files\Java\jre1.8.0_181\bin\msvcr100.dll
0x0000000071db0000 - 0x0000000072652000 	C:\Program Files\Java\jre1.8.0_181\bin\server\jvm.dll
0x00007ffd8c2d0000 - 0x00007ffd8c2d8000 	C:\WINDOWS\System32\PSAPI.DLL
0x00007ffd81d70000 - 0x00007ffd81d79000 	C:\WINDOWS\SYSTEM32\WSOCK32.dll
0x00007ffd8d100000 - 0x00007ffd8d16f000 	C:\WINDOWS\System32\WS2_32.dll
0x00007ffd80bb0000 - 0x00007ffd80bd4000 	C:\WINDOWS\SYSTEM32\WINMM.dll
0x00007ffd86030000 - 0x00007ffd8603a000 	C:\WINDOWS\SYSTEM32\VERSION.dll
0x00007ffd7f900000 - 0x00007ffd7f92d000 	C:\WINDOWS\SYSTEM32\WINMMBASE.dll
0x00007ffd8b7d0000 - 0x00007ffd8b81a000 	C:\WINDOWS\System32\cfgmgr32.dll
0x0000000071da0000 - 0x0000000071daf000 	C:\Program Files\Java\jre1.8.0_181\bin\verify.dll
0x0000000071d70000 - 0x0000000071d99000 	C:\Program Files\Java\jre1.8.0_181\bin\java.dll
0x0000000071d20000 - 0x0000000071d36000 	C:\Program Files\Java\jre1.8.0_181\bin\zip.dll
0x00007ffd8c840000 - 0x00007ffd8cf25000 	C:\WINDOWS\System32\SHELL32.dll
0x00007ffd8d170000 - 0x00007ffd8d219000 	C:\WINDOWS\System32\shcore.dll
0x00007ffd8bad0000 - 0x00007ffd8c24f000 	C:\WINDOWS\System32\windows.storage.dll
0x00007ffd8b120000 - 0x00007ffd8b13f000 	C:\WINDOWS\System32\profapi.dll
0x00007ffd8b160000 - 0x00007ffd8b1aa000 	C:\WINDOWS\System32\powrprof.dll
0x00007ffd8b0f0000 - 0x00007ffd8b100000 	C:\WINDOWS\System32\UMPDC.dll
0x00007ffd8cf30000 - 0x00007ffd8cf82000 	C:\WINDOWS\System32\shlwapi.dll
0x00007ffd8b100000 - 0x00007ffd8b111000 	C:\WINDOWS\System32\kernel.appcore.dll
0x00007ffd8b1b0000 - 0x00007ffd8b1c7000 	C:\WINDOWS\System32\cryptsp.dll
0x0000000071d00000 - 0x0000000071d1a000 	C:\Program Files\Java\jre1.8.0_181\bin\net.dll
0x00007ffd8a900000 - 0x00007ffd8a967000 	C:\WINDOWS\system32\mswsock.dll
0x0000000071ce0000 - 0x0000000071cf1000 	C:\Program Files\Java\jre1.8.0_181\bin\nio.dll
0x00007ffd71900000 - 0x00007ffd71972000 	C:\Users\fritz\AppData\Local\Temp\lwjglfritz\3.2.2-build-10\lwjgl.dll
0x00007ffd70d30000 - 0x00007ffd70d8e000 	C:\Users\fritz\AppData\Local\Temp\lwjglfritz\3.2.2-build-10\glfw.dll
0x00007ffd89470000 - 0x00007ffd89509000 	C:\WINDOWS\system32\uxtheme.dll
0x00007ffd763d0000 - 0x00007ffd76413000 	C:\WINDOWS\SYSTEM32\dinput8.dll
0x00007ffd7d6f0000 - 0x00007ffd7d701000 	C:\WINDOWS\SYSTEM32\xinput1_4.dll
0x00007ffd8aef0000 - 0x00007ffd8af1a000 	C:\WINDOWS\SYSTEM32\DEVOBJ.dll
0x00007ffd89970000 - 0x00007ffd8999d000 	C:\WINDOWS\SYSTEM32\dwmapi.dll
0x00007ffd7e560000 - 0x00007ffd7e67a000 	C:\WINDOWS\SYSTEM32\inputhost.dll
0x00007ffd88e20000 - 0x00007ffd88ef4000 	C:\WINDOWS\SYSTEM32\CoreMessaging.dll
0x00007ffd7e880000 - 0x00007ffd7ebaa000 	C:\WINDOWS\SYSTEM32\CoreUIComponents.dll
0x00007ffd87ab0000 - 0x00007ffd87b9f000 	C:\WINDOWS\SYSTEM32\PROPSYS.dll
0x00007ffd8c760000 - 0x00007ffd8c824000 	C:\WINDOWS\System32\OLEAUT32.dll
0x00007ffd86d50000 - 0x00007ffd86ea3000 	C:\WINDOWS\SYSTEM32\wintypes.dll
0x00007ffd8a200000 - 0x00007ffd8a231000 	C:\WINDOWS\SYSTEM32\ntmarta.dll
0x00007ffd8c430000 - 0x00007ffd8c565000 	C:\WINDOWS\System32\MSCTF.dll
0x00007ffd89d00000 - 0x00007ffd89d0e000 	C:\WINDOWS\SYSTEM32\HID.DLL
0x00007ffd8d650000 - 0x00007ffd8dac0000 	C:\WINDOWS\System32\SETUPAPI.DLL
0x00007ffd8b900000 - 0x00007ffd8b926000 	C:\WINDOWS\System32\bcrypt.dll
0x00007ffd8b320000 - 0x00007ffd8b37c000 	C:\WINDOWS\System32\WINTRUST.dll
0x00007ffd8b140000 - 0x00007ffd8b152000 	C:\WINDOWS\System32\MSASN1.dll
0x00007ffd8b1d0000 - 0x00007ffd8b319000 	C:\WINDOWS\System32\CRYPT32.dll
0x00007ffd3a9e0000 - 0x00007ffd3ac31000 	C:\Program Files\Java\jre1.8.0_181\bin\jemalloc.dll
0x00007ffd4ccf0000 - 0x00007ffd4ce46000 	C:\WINDOWS\SYSTEM32\opengl32.dll
0x00007ffd7d170000 - 0x00007ffd7d19c000 	C:\WINDOWS\SYSTEM32\GLU32.dll
0x00007ffd89dd0000 - 0x00007ffd89df0000 	C:\WINDOWS\SYSTEM32\dxcore.dll
0x00007ffd1ea70000 - 0x00007ffd21148000 	C:\WINDOWS\System32\DriverStore\FileRepository\nv_dispi.inf_amd64_77e6900053c33f6f\nvoglv64.dll
0x00007ffd8e010000 - 0x00007ffd8e166000 	C:\WINDOWS\System32\ole32.dll
0x00007ffd86eb0000 - 0x00007ffd86ec3000 	C:\WINDOWS\SYSTEM32\WTSAPI32.dll
0x00007ffd60750000 - 0x00007ffd60a12000 	C:\WINDOWS\system32\nvspcap64.dll
0x00007ffd8ab60000 - 0x00007ffd8abbc000 	C:\WINDOWS\SYSTEM32\WINSTA.dll
0x00007ffd7e680000 - 0x00007ffd7e71e000 	C:\WINDOWS\System32\TextInputFramework.dll
0x00007ffd7c3a0000 - 0x00007ffd7c646000 	C:\WINDOWS\System32\iertutil.dll
0x00007ffd66b80000 - 0x00007ffd66bd8000 	C:\Users\fritz\AppData\Local\Temp\lwjglfritz\3.2.2-build-10\lwjgl_opengl.dll
0x00007ffd66b00000 - 0x00007ffd66b7f000 	C:\Users\fritz\AppData\Local\Temp\lwjglfritz\3.2.2-build-10\lwjgl_stb.dll
0x00007ffd84af0000 - 0x00007ffd84ce4000 	C:\WINDOWS\SYSTEM32\dbghelp.dll

VM Arguments:
jvm_args: -Dfile.encoding=Cp1252 
java_command: br.fritzen.sandbox2d.App2D
java_class_path (initial): C:\Program Files\Java\jre1.8.0_181\lib\resources.jar;C:\Program Files\Java\jre1.8.0_181\lib\rt.jar;C:\Program Files\Java\jre1.8.0_181\lib\jsse.jar;C:\Program Files\Java\jre1.8.0_181\lib\jce.jar;C:\Program Files\Java\jre1.8.0_181\lib\charsets.jar;C:\Program Files\Java\jre1.8.0_181\lib\jfr.jar;C:\Program Files\Java\jre1.8.0_181\lib\ext\access-bridge-64.jar;C:\Program Files\Java\jre1.8.0_181\lib\ext\cldrdata.jar;C:\Program Files\Java\jre1.8.0_181\lib\ext\dnsns.jar;C:\Program Files\Java\jre1.8.0_181\lib\ext\jaccess.jar;C:\Program Files\Java\jre1.8.0_181\lib\ext\jfxrt.jar;C:\Program Files\Java\jre1.8.0_181\lib\ext\localedata.jar;C:\Program Files\Java\jre1.8.0_181\lib\ext\nashorn.jar;C:\Program Files\Java\jre1.8.0_181\lib\ext\sunec.jar;C:\Program Files\Java\jre1.8.0_181\lib\ext\sunjce_provider.jar;C:\Program Files\Java\jre1.8.0_181\lib\ext\sunmscapi.jar;C:\Program Files\Java\jre1.8.0_181\lib\ext\sunpkcs11.jar;C:\Program Files\Java\jre1.8.0_181\lib\ext\zipfs.jar;C:\devcg\br.fritzen.sandbox\target\classes;C:\devcg\br.fritzen.engine\target\classes;C:\devcg\br.fritzen.engine\target\test-classes;C:\Users\fritz\.m2\repository\org\lwjgl\lwjgl\3.2.2-SNAPSHOT\lwjgl-3.2.2-SNAPSHOT.jar;C:\Users\fritz\.m2\repository\org\lwjgl\lwjgl-glfw\3.2.2-SNAPSHOT\lwjgl-glfw-3.2.2-SNAPSHOT.jar;C:\Users\fritz\.m2\repository\org\lwjgl\lwjgl-nanovg\3.2.2-SNAPSHOT\lwjgl-nanovg-3.2.2-SNAPSHOT.jar;C:\Users\fritz\.m2\repository\org\lwjgl\lwjgl-opengl\3.2.2-SNAPSHOT\lwjgl-opengl-3.2.2-SNAPSHOT.jar;C:\Users\fritz\.m2\repository\org\lwjgl\lwjgl\3.2.2-SNAPSHOT\lwjgl-3.2.2-SNAPSHOT-natives-windows.jar;C:\Users\fritz\.m2\repository\org\lwjgl\lwjgl-glfw\3.2.2-SNAPSHOT\lwjgl-glfw-3.2.2-SNAPSHOT-natives-windows.jar;C:\Users\fritz\.m2\repository\org\lwjgl\lwjgl-nanovg\3.2.2-SNAPSHOT\lwjgl-nanovg-3.2.2-SNAPSHOT-natives-windows.jar;C:\Users\fritz\.m2\repository\org\lwjgl\lwjgl-opengl\3.2.2-SNAPSHOT\lwjgl-opengl-3.2.2-SNAPSHOT-natives-windows.jar;C:\Users\fritz\.m2\repository\org\joml\jo
Launcher Type: SUN_STANDARD

Environment Variables:
PATH=C:/Program Files/Java/jre1.8.0_181/bin/server;C:/Program Files/Java/jre1.8.0_181/bin;C:/Program Files/Java/jre1.8.0_181/lib/amd64;C:\ProgramData\Oracle\Java\javapath;C:\Windows\system32;C:\Windows;C:\Windows\System32\Wbem;C:\Windows\System32\WindowsPowerShell\v1.0\;C:\Program Files (x86)\GtkSharp\2.12\bin;C:\WINDOWS\system32;C:\WINDOWS;C:\WINDOWS\System32\Wbem;C:\WINDOWS\System32\WindowsPowerShell\v1.0\;C:\WINDOWS\System32\OpenSSH\;C:\Program Files\nodejs\;C:\Program Files\Git\cmd;C:\Program Files (x86)\NVIDIA Corporation\PhysX\Common;C:\Program Files\NVIDIA Corporation\NVIDIA NvDLISR;C:\WINDOWS\system32;C:\WINDOWS;C:\WINDOWS\System32\Wbem;C:\WINDOWS\System32\WindowsPowerShell\v1.0\;C:\WINDOWS\System32\OpenSSH\;C:\Program Files\CMake\bin;C:\Program Files\MongoDB\Server\4.2\bin;C:\Program Files\PuTTY\;C:\Users\fritz\AppData\Local\Microsoft\WindowsApps;C:\Users\fritz\AppData\Local\atom\bin;C:\Users\fritz\AppData\Local\Microsoft\WindowsApps;C:\Users\fritz\AppData\Roaming\npm;C:\Users\fritz\AppData\Local\Programs\Microsoft VS Code\bin;;C:\Users\fritz\eclipse\java-oxygen\eclipse;
USERNAME=fritz
OS=Windows_NT
PROCESSOR_IDENTIFIER=Intel64 Family 6 Model 60 Stepping 3, GenuineIntel



---------------  S Y S T E M  ---------------

OS: Windows 10.0 , 64 bit Build 18362 (10.0.18362.329)

CPU:total 8 (initial active 8) (4 cores per cpu, 2 threads per core) family 6 model 60 stepping 3, cmov, cx8, fxsr, mmx, sse, sse2, sse3, ssse3, sse4.1, sse4.2, popcnt, avx, avx2, aes, clmul, erms, lzcnt, ht, tsc, tscinvbit, bmi1, bmi2

Memory: 4k page, physical 16725716k(8687280k free), swap 21025412k(8827804k free)

vm_info: Java HotSpot(TM) 64-Bit Server VM (25.181-b13) for windows-amd64 JRE (1.8.0_181-b13), built on Jul  7 2018 04:01:33 by "java_re" with MS VC++ 10.0 (VS2010)

time: Thu Dec 19 18:11:35 2019
elapsed time: 1 seconds (0d 0h 0m 1s)

